<?xml version="1.0" encoding="UTF-8"?>
<testsuite xmlns:xsi="http://www.w3.org/2001/XMLSchema-instance" xsi:noNamespaceSchemaLocation="https://maven.apache.org/surefire/maven-surefire-plugin/xsd/surefire-test-report-3.0.xsd" version="3.0" name="fr.pantheonsorbonne.miage.AppTest" time="0.225" tests="38" errors="0" skipped="0" failures="0">
  <properties>
[...]
</properties>
  <testcase name="getPlayerWithQueenOFHeart" classname="fr.pantheonsorbonne.miage.AppTest" time="0.076"/>
  <testcase name="getNextPlayer" classname="fr.pantheonsorbonne.miage.AppTest" time="0.001"/>
  <testcase name="getWorstCardsFromPlayer" classname="fr.pantheonsorbonne.miage.AppTest" time="0.001"/>
  <testcase name="shouldAnswerWithTrue" classname="fr.pantheonsorbonne.miage.AppTest" time="0.002"/>
  <testcase name="getRandomCards" classname="fr.pantheonsorbonne.miage.AppTest" time="0.004"/>
  <testcase name="ifPair" classname="fr.pantheonsorbonne.miage.AppTest" time="0.002"/>
  <testcase name="getViceTrou" classname="fr.pantheonsorbonne.miage.AppTest" time="0.003"/>
  <testcase name="giveCardsToPlayer" classname="fr.pantheonsorbonne.miage.AppTest" time="0.005"/>
  <testcase name="declareWinner" classname="fr.pantheonsorbonne.miage.AppTest" time="0.002">
    <system-out><![CDATA[J1 has won!
]]></system-out>
  </testcase>
  <testcase name="getPresident" classname="fr.pantheonsorbonne.miage.AppTest" time="0.001"/>
  <testcase name="contient" classname="fr.pantheonsorbonne.miage.AppTest" time="0.001"/>
  <testcase name="getFirstParty" classname="fr.pantheonsorbonne.miage.AppTest" time="0.001"/>
  <testcase name="addFinishedPlayer" classname="fr.pantheonsorbonne.miage.AppTest" time="0.006"/>
  <testcase name="cardCarre" classname="fr.pantheonsorbonne.miage.AppTest" time="0.001"/>
  <testcase name="playerPlayCards1" classname="fr.pantheonsorbonne.miage.AppTest" time="0.002"/>
  <testcase name="playerPlayCards2" classname="fr.pantheonsorbonne.miage.AppTest" time="0.003"/>
  <testcase name="playerPlayCards3" classname="fr.pantheonsorbonne.miage.AppTest" time="0.001"/>
  <testcase name="playerPlayCards4" classname="fr.pantheonsorbonne.miage.AppTest" time="0.001">
    <system-out><![CDATA[J1 Has no more cards in hand, he's out of the party
]]></system-out>
  </testcase>
  <testcase name="playerPlayCards5" classname="fr.pantheonsorbonne.miage.AppTest" time="0.001"/>
  <testcase name="playerPlayCards6" classname="fr.pantheonsorbonne.miage.AppTest" time="0.002"/>
  <testcase name="getRole" classname="fr.pantheonsorbonne.miage.AppTest" time="0.005"/>
  <testcase name="getTrou" classname="fr.pantheonsorbonne.miage.AppTest" time="0"/>
  <testcase name="cardPair" classname="fr.pantheonsorbonne.miage.AppTest" time="0"/>
  <testcase name="getCurrentPlayerCount" classname="fr.pantheonsorbonne.miage.AppTest" time="0"/>
  <testcase name="cardBrelon" classname="fr.pantheonsorbonne.miage.AppTest" time="0"/>
  <testcase name="getVicePresident" classname="fr.pantheonsorbonne.miage.AppTest" time="0"/>
  <testcase name="valueOf" classname="fr.pantheonsorbonne.miage.AppTest" time="0"/>
  <testcase name="isTapisFinished1" classname="fr.pantheonsorbonne.miage.AppTest" time="0.001"/>
  <testcase name="isTapisFinished2" classname="fr.pantheonsorbonne.miage.AppTest" time="0.001"/>
  <testcase name="isTapisFinished3" classname="fr.pantheonsorbonne.miage.AppTest" time="0.001"/>
  <testcase name="isTapisFinished4" classname="fr.pantheonsorbonne.miage.AppTest" time="0.002"/>
  <testcase name="ifBrelon" classname="fr.pantheonsorbonne.miage.AppTest" time="0.002"/>
  <testcase name="getInitialPlayers" classname="fr.pantheonsorbonne.miage.AppTest" time="0.001"/>
  <testcase name="playerPlayCards" classname="fr.pantheonsorbonne.miage.AppTest" time="0"/>
  <testcase name="getWinner" classname="fr.pantheonsorbonne.miage.AppTest" time="0"/>
  <testcase name="getBestCardsFromPlayer" classname="fr.pantheonsorbonne.miage.AppTest" time="0"/>
  <testcase name="isTapisFinished" classname="fr.pantheonsorbonne.miage.AppTest" time="0.003"/>
  <testcase name="ifCarre" classname="fr.pantheonsorbonne.miage.AppTest" time="0.001"/>
</testsuite>